{"C:\\Users\\berna\\Desktop\\Projetinhos\\cloneSpotifyJS\\server\\config.js": {"path":"C:\\Users\\berna\\Desktop\\Projetinhos\\cloneSpotifyJS\\server\\config.js","statementMap":{"0":{"start":{"line":3,"column":19},"end":{"line":3,"column":58}},"1":{"start":{"line":4,"column":13},"end":{"line":4,"column":36}},"2":{"start":{"line":5,"column":23},"end":{"line":5,"column":42}},"3":{"start":{"line":6,"column":24},"end":{"line":6,"column":44}}},"fnMap":{},"branchMap":{"0":{"loc":{"start":{"line":9,"column":10},"end":{"line":9,"column":34}},"type":"binary-expr","locations":[{"start":{"line":9,"column":10},"end":{"line":9,"column":26}},{"start":{"line":9,"column":30},"end":{"line":9,"column":34}}],"line":9}},"s":{"0":3,"1":3,"2":3,"3":3},"f":{},"b":{"0":[3,3]},"_coverageSchema":"1a1c01bbd47fc00a2c39e90264f33305004495a9","hash":"a94c221842ee9c30f9c90cf7ce5117de47682dcc"}
,"C:\\Users\\berna\\Desktop\\Projetinhos\\cloneSpotifyJS\\server\\controller.js": {"path":"C:\\Users\\berna\\Desktop\\Projetinhos\\cloneSpotifyJS\\server\\controller.js","statementMap":{"0":{"start":{"line":5,"column":8},"end":{"line":5,"column":37}},"1":{"start":{"line":9,"column":8},"end":{"line":9,"column":51}}},"fnMap":{"0":{"name":"(anonymous_0)","decl":{"start":{"line":4,"column":4},"end":{"line":4,"column":5}},"loc":{"start":{"line":4,"column":18},"end":{"line":6,"column":5}},"line":4},"1":{"name":"(anonymous_1)","decl":{"start":{"line":8,"column":4},"end":{"line":8,"column":5}},"loc":{"start":{"line":8,"column":34},"end":{"line":10,"column":5}},"line":8}},"branchMap":{},"s":{"0":2,"1":1},"f":{"0":2,"1":1},"b":{},"_coverageSchema":"1a1c01bbd47fc00a2c39e90264f33305004495a9","hash":"e90c7364990b662a645824814abbb2c5f903e2b9"}
,"C:\\Users\\berna\\Desktop\\Projetinhos\\cloneSpotifyJS\\server\\routes.js": {"path":"C:\\Users\\berna\\Desktop\\Projetinhos\\cloneSpotifyJS\\server\\routes.js","statementMap":{"0":{"start":{"line":14,"column":4},"end":{"line":14,"column":10}},"1":{"start":{"line":16,"column":19},"end":{"line":16,"column":35}},"2":{"start":{"line":19,"column":28},"end":{"line":19,"column":35}},"3":{"start":{"line":21,"column":4},"end":{"line":26,"column":5}},"4":{"start":{"line":22,"column":8},"end":{"line":24,"column":10}},"5":{"start":{"line":25,"column":8},"end":{"line":25,"column":29}},"6":{"start":{"line":28,"column":4},"end":{"line":38,"column":5}},"7":{"start":{"line":31,"column":12},"end":{"line":31,"column":52}},"8":{"start":{"line":37,"column":8},"end":{"line":37,"column":36}},"9":{"start":{"line":40,"column":4},"end":{"line":46,"column":5}},"10":{"start":{"line":43,"column":12},"end":{"line":43,"column":58}},"11":{"start":{"line":45,"column":8},"end":{"line":45,"column":36}},"12":{"start":{"line":49,"column":4},"end":{"line":63,"column":5}},"13":{"start":{"line":53,"column":12},"end":{"line":53,"column":47}},"14":{"start":{"line":55,"column":28},"end":{"line":55,"column":46}},"15":{"start":{"line":56,"column":8},"end":{"line":60,"column":9}},"16":{"start":{"line":57,"column":12},"end":{"line":59,"column":14}},"17":{"start":{"line":62,"column":8},"end":{"line":62,"column":36}},"18":{"start":{"line":65,"column":4},"end":{"line":65,"column":27}},"19":{"start":{"line":66,"column":4},"end":{"line":66,"column":25}},"20":{"start":{"line":70,"column":4},"end":{"line":74,"column":5}},"21":{"start":{"line":71,"column":8},"end":{"line":71,"column":53}},"22":{"start":{"line":72,"column":8},"end":{"line":72,"column":31}},"23":{"start":{"line":73,"column":8},"end":{"line":73,"column":22}},"24":{"start":{"line":75,"column":4},"end":{"line":75,"column":54}},"25":{"start":{"line":76,"column":4},"end":{"line":76,"column":27}},"26":{"start":{"line":77,"column":4},"end":{"line":77,"column":25}},"27":{"start":{"line":81,"column":4},"end":{"line":82,"column":53}},"28":{"start":{"line":82,"column":24},"end":{"line":82,"column":52}}},"fnMap":{"0":{"name":"routes","decl":{"start":{"line":18,"column":15},"end":{"line":18,"column":21}},"loc":{"start":{"line":18,"column":41},"end":{"line":67,"column":1}},"line":18},"1":{"name":"handleError","decl":{"start":{"line":69,"column":9},"end":{"line":69,"column":20}},"loc":{"start":{"line":69,"column":38},"end":{"line":78,"column":1}},"line":69},"2":{"name":"handler","decl":{"start":{"line":80,"column":16},"end":{"line":80,"column":23}},"loc":{"start":{"line":80,"column":43},"end":{"line":83,"column":1}},"line":80},"3":{"name":"(anonymous_3)","decl":{"start":{"line":82,"column":15},"end":{"line":82,"column":16}},"loc":{"start":{"line":82,"column":24},"end":{"line":82,"column":52}},"line":82}},"branchMap":{"0":{"loc":{"start":{"line":21,"column":4},"end":{"line":26,"column":5}},"type":"if","locations":[{"start":{"line":21,"column":4},"end":{"line":26,"column":5}},{"start":{},"end":{}}],"line":21},"1":{"loc":{"start":{"line":21,"column":8},"end":{"line":21,"column":39}},"type":"binary-expr","locations":[{"start":{"line":21,"column":8},"end":{"line":21,"column":24}},{"start":{"line":21,"column":28},"end":{"line":21,"column":39}}],"line":21},"2":{"loc":{"start":{"line":28,"column":4},"end":{"line":38,"column":5}},"type":"if","locations":[{"start":{"line":28,"column":4},"end":{"line":38,"column":5}},{"start":{},"end":{}}],"line":28},"3":{"loc":{"start":{"line":28,"column":8},"end":{"line":28,"column":43}},"type":"binary-expr","locations":[{"start":{"line":28,"column":8},"end":{"line":28,"column":24}},{"start":{"line":28,"column":28},"end":{"line":28,"column":43}}],"line":28},"4":{"loc":{"start":{"line":40,"column":4},"end":{"line":46,"column":5}},"type":"if","locations":[{"start":{"line":40,"column":4},"end":{"line":46,"column":5}},{"start":{},"end":{}}],"line":40},"5":{"loc":{"start":{"line":40,"column":8},"end":{"line":40,"column":49}},"type":"binary-expr","locations":[{"start":{"line":40,"column":8},"end":{"line":40,"column":24}},{"start":{"line":40,"column":28},"end":{"line":40,"column":49}}],"line":40},"6":{"loc":{"start":{"line":49,"column":4},"end":{"line":63,"column":5}},"type":"if","locations":[{"start":{"line":49,"column":4},"end":{"line":63,"column":5}},{"start":{},"end":{}}],"line":49},"7":{"loc":{"start":{"line":56,"column":8},"end":{"line":60,"column":9}},"type":"if","locations":[{"start":{"line":56,"column":8},"end":{"line":60,"column":9}},{"start":{},"end":{}}],"line":56},"8":{"loc":{"start":{"line":70,"column":4},"end":{"line":74,"column":5}},"type":"if","locations":[{"start":{"line":70,"column":4},"end":{"line":74,"column":5}},{"start":{},"end":{}}],"line":70}},"s":{"0":1,"1":1,"2":8,"3":8,"4":1,"5":1,"6":7,"7":1,"8":1,"9":6,"10":1,"11":1,"12":5,"13":4,"14":2,"15":2,"16":1,"17":2,"18":1,"19":1,"20":2,"21":1,"22":1,"23":1,"24":2,"25":2,"26":2,"27":8,"28":2},"f":{"0":8,"1":2,"2":8,"3":2},"b":{"0":[1,7],"1":[8,7],"2":[1,6],"3":[7,6],"4":[1,5],"5":[6,5],"6":[4,1],"7":[1,1],"8":[1,1]},"_coverageSchema":"1a1c01bbd47fc00a2c39e90264f33305004495a9","hash":"b025e41eaf8f0339ef2ce9956590e65def64f89f"}
,"C:\\Users\\berna\\Desktop\\Projetinhos\\cloneSpotifyJS\\server\\service.js": {"path":"C:\\Users\\berna\\Desktop\\Projetinhos\\cloneSpotifyJS\\server\\service.js","statementMap":{"0":{"start":{"line":10,"column":4},"end":{"line":10,"column":10}},"1":{"start":{"line":14,"column":8},"end":{"line":14,"column":44}},"2":{"start":{"line":19,"column":29},"end":{"line":19,"column":56}},"3":{"start":{"line":21,"column":8},"end":{"line":21,"column":45}},"4":{"start":{"line":22,"column":25},"end":{"line":22,"column":46}},"5":{"start":{"line":23,"column":8},"end":{"line":26,"column":9}},"6":{"start":{"line":33,"column":12},"end":{"line":33,"column":40}},"7":{"start":{"line":34,"column":8},"end":{"line":37,"column":9}}},"fnMap":{"0":{"name":"(anonymous_0)","decl":{"start":{"line":13,"column":4},"end":{"line":13,"column":5}},"loc":{"start":{"line":13,"column":31},"end":{"line":15,"column":5}},"line":13},"1":{"name":"(anonymous_1)","decl":{"start":{"line":17,"column":4},"end":{"line":17,"column":5}},"loc":{"start":{"line":17,"column":27},"end":{"line":27,"column":5}},"line":17},"2":{"name":"(anonymous_2)","decl":{"start":{"line":29,"column":4},"end":{"line":29,"column":5}},"loc":{"start":{"line":29,"column":30},"end":{"line":38,"column":5}},"line":29}},"branchMap":{},"s":{"0":3,"1":1,"2":1,"3":1,"4":1,"5":1,"6":1,"7":1},"f":{"0":1,"1":1,"2":1},"b":{},"_coverageSchema":"1a1c01bbd47fc00a2c39e90264f33305004495a9","hash":"f9889d8db262e6b405c06976761173a9ce999cb4"}
,"C:\\Users\\berna\\Desktop\\Projetinhos\\cloneSpotifyJS\\server\\util.js": {"path":"C:\\Users\\berna\\Desktop\\Projetinhos\\cloneSpotifyJS\\server\\util.js","statementMap":{"0":{"start":{"line":3,"column":12},"end":{"line":11,"column":2}},"1":{"start":{"line":13,"column":22},"end":{"line":13,"column":25}}},"fnMap":{},"branchMap":{},"s":{"0":1,"1":1},"f":{},"b":{},"_coverageSchema":"1a1c01bbd47fc00a2c39e90264f33305004495a9","hash":"7b4ca43d9078a560f54b3965c9c0fc40564698f2"}
,"C:\\Users\\berna\\Desktop\\Projetinhos\\cloneSpotifyJS\\tests\\unit\\_util\\testUtil.js": {"path":"C:\\Users\\berna\\Desktop\\Projetinhos\\cloneSpotifyJS\\tests\\unit\\_util\\testUtil.js","statementMap":{"0":{"start":{"line":12,"column":6},"end":{"line":20,"column":8}},"1":{"start":{"line":14,"column":10},"end":{"line":16,"column":11}},"2":{"start":{"line":15,"column":12},"end":{"line":15,"column":27}},"3":{"start":{"line":18,"column":10},"end":{"line":18,"column":25}},"4":{"start":{"line":24,"column":6},"end":{"line":30,"column":8}},"5":{"start":{"line":26,"column":10},"end":{"line":26,"column":23}},"6":{"start":{"line":28,"column":10},"end":{"line":28,"column":25}},"7":{"start":{"line":34,"column":28},"end":{"line":34,"column":83}},"8":{"start":{"line":35,"column":23},"end":{"line":35,"column":64}},"9":{"start":{"line":36,"column":19},"end":{"line":46,"column":7}},"10":{"start":{"line":48,"column":6},"end":{"line":51,"column":7}},"11":{"start":{"line":49,"column":22},"end":{"line":49,"column":41}}},"fnMap":{"0":{"name":"(anonymous_0)","decl":{"start":{"line":11,"column":4},"end":{"line":11,"column":5}},"loc":{"start":{"line":11,"column":40},"end":{"line":21,"column":5}},"line":11},"1":{"name":"(anonymous_1)","decl":{"start":{"line":13,"column":8},"end":{"line":13,"column":9}},"loc":{"start":{"line":13,"column":15},"end":{"line":19,"column":9}},"line":13},"2":{"name":"(anonymous_2)","decl":{"start":{"line":23,"column":4},"end":{"line":23,"column":5}},"loc":{"start":{"line":23,"column":42},"end":{"line":31,"column":5}},"line":23},"3":{"name":"(anonymous_3)","decl":{"start":{"line":25,"column":8},"end":{"line":25,"column":9}},"loc":{"start":{"line":25,"column":30},"end":{"line":29,"column":9}},"line":25},"4":{"name":"(anonymous_4)","decl":{"start":{"line":33,"column":4},"end":{"line":33,"column":5}},"loc":{"start":{"line":33,"column":33},"end":{"line":52,"column":5}},"line":33},"5":{"name":"(anonymous_5)","decl":{"start":{"line":35,"column":55},"end":{"line":35,"column":56}},"loc":{"start":{"line":35,"column":61},"end":{"line":35,"column":63}},"line":35},"6":{"name":"(anonymous_6)","decl":{"start":{"line":49,"column":16},"end":{"line":49,"column":17}},"loc":{"start":{"line":49,"column":22},"end":{"line":49,"column":41}},"line":49}},"branchMap":{},"s":{"0":15,"1":0,"2":0,"3":0,"4":8,"5":0,"6":0,"7":8,"8":8,"9":8,"10":8,"11":8},"f":{"0":15,"1":0,"2":8,"3":0,"4":8,"5":0,"6":8},"b":{},"_coverageSchema":"1a1c01bbd47fc00a2c39e90264f33305004495a9","hash":"ab7c461b88d7c095446458ca5bd595cba8a31a5d"}
}
